<?xml version="1.0" encoding="UTF-8"?>
<testsuite xmlns:xsi="http://www.w3.org/2001/XMLSchema-instance" xsi:noNamespaceSchemaLocation="https://maven.apache.org/surefire/maven-surefire-plugin/xsd/surefire-test-report.xsd" version="3.0.2" name="gestion.usuarios.gestiondeusuarios.repositories.userRepositoryTest" time="9.071" tests="1" errors="0" skipped="0" failures="0">
  <properties>
[...]
</properties>
  <testcase name="testSaveUser" classname="gestion.usuarios.gestiondeusuarios.repositories.userRepositoryTest" time="3.448">
    <system-out><![CDATA[2025-05-05T09:18:11.678-04:00 DEBUG 19312 --- [gestiondeusuarios] [           main] b.t.a.o.j.DataJpaTestContextBootstrapper : Neither @ContextConfiguration nor @ContextHierarchy found for test class [userRepositoryTest]: using SpringBootContextLoader
2025-05-05T09:18:11.679-04:00 DEBUG 19312 --- [gestiondeusuarios] [           main] o.s.t.c.support.AbstractContextLoader    : Could not detect default resource locations for test class [gestion.usuarios.gestiondeusuarios.repositories.userRepositoryTest]: no resource found for suffixes {-context.xml, Context.groovy}.
2025-05-05T09:18:11.679-04:00  INFO 19312 --- [gestiondeusuarios] [           main] t.c.s.AnnotationConfigContextLoaderUtils : Could not detect default configuration classes for test class [gestion.usuarios.gestiondeusuarios.repositories.userRepositoryTest]: userRepositoryTest does not declare any static, non-private, non-final, nested classes annotated with @Configuration.
2025-05-05T09:18:11.679-04:00 DEBUG 19312 --- [gestiondeusuarios] [           main] b.t.a.o.j.DataJpaTestContextBootstrapper : Using ContextCustomizerFactory implementations for test class [userRepositoryTest]: [ImportsContextCustomizerFactory, ExcludeFilterContextCustomizerFactory, HttpGraphQlTesterContextCustomizerFactory, DuplicateJsonObjectContextCustomizerFactory, MockitoContextCustomizerFactory, TestRestTemplateContextCustomizerFactory, WebTestClientContextCustomizerFactory, DisableReactorResourceFactoryGlobalResourcesContextCustomizerFactory, OnFailureConditionReportContextCustomizerFactory, OverrideAutoConfigurationContextCustomizerFactory, ObservabilityContextCustomizerFactory, TypeExcludeFiltersContextCustomizerFactory, PropertyMappingContextCustomizerFactory, WebDriverContextCustomizerFactory, BeanOverrideContextCustomizerFactory, MockServerContainerContextCustomizerFactory, DynamicPropertiesContextCustomizerFactory]
2025-05-05T09:18:11.696-04:00 DEBUG 19312 --- [gestiondeusuarios] [           main] b.t.a.o.j.DataJpaTestContextBootstrapper : Using ContextCustomizers for test class [userRepositoryTest]: [ImportsContextCustomizer, ExcludeFilterContextCustomizer, DuplicateJsonObjectContextCustomizer, MockitoContextCustomizer, DisableReactorResourceFactoryGlobalResourcesContextCustomizerCustomizer, OnFailureConditionReportContextCustomizer, DisableAutoConfigurationContextCustomizer, DisableObservabilityContextCustomizer, TypeExcludeFiltersContextCustomizer, PropertyMappingContextCustomizer, WebDriverContextCustomizer, DynamicPropertiesContextCustomizer]
2025-05-05T09:18:11.707-04:00 DEBUG 19312 --- [gestiondeusuarios] [           main] ssPathScanningCandidateComponentProvider : Identified candidate component class: file [C:\Users\httpd\OneDrive\Documentos\Duoc_uc\Clases\DESARROLLO-FULLSTACK\SEMANA-8\gestiondeusuarios\target\classes\gestion\usuarios\gestiondeusuarios\GestiondeusuariosApplication.class]
2025-05-05T09:18:11.708-04:00  INFO 19312 --- [gestiondeusuarios] [           main] .b.t.c.SpringBootTestContextBootstrapper : Found @SpringBootConfiguration gestion.usuarios.gestiondeusuarios.GestiondeusuariosApplication for test class gestion.usuarios.gestiondeusuarios.repositories.userRepositoryTest
2025-05-05T09:18:11.709-04:00 DEBUG 19312 --- [gestiondeusuarios] [           main] .s.t.c.u.TestContextSpringFactoriesUtils : Skipping candidate TestExecutionListener [org.springframework.test.context.observation.MicrometerObservationRegistryTestExecutionListener] due to a missing dependency. Specify custom TestExecutionListener classes or make the default TestExecutionListener classes and their required dependencies available. Offending class: io.micrometer.context.ThreadLocalAccessor. MicrometerObservationRegistryTestExecutionListener requires io.micrometer:micrometer-observation:1.10.8 or higher and io.micrometer:context-propagation:1.0.3 or higher.
2025-05-05T09:18:11.709-04:00 DEBUG 19312 --- [gestiondeusuarios] [           main] b.t.a.o.j.DataJpaTestContextBootstrapper : Using TestExecutionListeners for test class [userRepositoryTest]: [ServletTestExecutionListener, DirtiesContextBeforeModesTestExecutionListener, ApplicationEventsTestExecutionListener, MockitoTestExecutionListener, BeanOverrideTestExecutionListener, DependencyInjectionTestExecutionListener, DirtiesContextTestExecutionListener, CommonCachesTestExecutionListener, TransactionalTestExecutionListener, SqlScriptsTestExecutionListener, EventPublishingTestExecutionListener, ResetMocksTestExecutionListener, RestDocsTestExecutionListener, MockRestServiceServerResetTestExecutionListener, MockMvcPrintOnlyOnFailureTestExecutionListener, WebDriverTestExecutionListener, MockWebServiceServerTestExecutionListener, MockitoResetTestExecutionListener]
2025-05-05T09:18:11.709-04:00 DEBUG 19312 --- [gestiondeusuarios] [           main] sContextBeforeModesTestExecutionListener : Before test class: class [userRepositoryTest], class annotated with @DirtiesContext [false] with mode [null]
2025-05-05T09:18:11.710-04:00 DEBUG 19312 --- [gestiondeusuarios] [           main] DependencyInjectionTestExecutionListener : Performing dependency injection for test class gestion.usuarios.gestiondeusuarios.repositories.userRepositoryTest
2025-05-05T09:18:11.712-04:00  INFO 19312 --- [gestiondeusuarios] [           main] o.s.b.d.r.RestartApplicationListener     : Restart disabled due to context in which it is running
2025-05-05T09:18:11.729-04:00 DEBUG 19312 --- [gestiondeusuarios] [           main] o.s.boot.ApplicationEnvironment          : Activating profiles []
2025-05-05T09:18:11.730-04:00 DEBUG 19312 --- [gestiondeusuarios] [           main] o.s.c.e.PropertySourcesPropertyResolver  : Found key 'spring.application.name' in PropertySource 'configurationProperties' with value of type String

  .   ____          _            __ _ _
 /\\ / ___'_ __ _ _(_)_ __  __ _ \ \ \ \
( ( )\___ | '_ | '_| | '_ \/ _` | \ \ \ \
 \\/  ___)| |_)| | | | | || (_| |  ) ) ) )
  '  |____| .__|_| |_|_| |_\__, | / / / /
 =========|_|==============|___/=/_/_/_/

 :: Spring Boot ::                (v3.4.4)

2025-05-05T09:18:11.739-04:00  INFO 19312 --- [gestiondeusuarios] [           main] g.u.g.repositories.userRepositoryTest    : Starting userRepositoryTest using Java 21.0.6 with PID 19312 (started by httpd in C:\Users\httpd\OneDrive\Documentos\Duoc_uc\Clases\DESARROLLO-FULLSTACK\SEMANA-8\gestiondeusuarios)
2025-05-05T09:18:11.739-04:00  INFO 19312 --- [gestiondeusuarios] [           main] g.u.g.repositories.userRepositoryTest    : No active profile set, falling back to 1 default profile: "default"
2025-05-05T09:18:11.739-04:00 DEBUG 19312 --- [gestiondeusuarios] [           main] o.s.boot.SpringApplication               : Loading source class gestion.usuarios.gestiondeusuarios.GestiondeusuariosApplication
2025-05-05T09:18:11.741-04:00 DEBUG 19312 --- [gestiondeusuarios] [           main] s.c.a.AnnotationConfigApplicationContext : Refreshing org.springframework.context.annotation.AnnotationConfigApplicationContext@1a9ce44
2025-05-05T09:18:11.742-04:00 DEBUG 19312 --- [gestiondeusuarios] [           main] o.s.b.f.s.DefaultListableBeanFactory     : Creating shared instance of singleton bean 'org.springframework.context.annotation.internalConfigurationAnnotationProcessor'
2025-05-05T09:18:11.742-04:00 DEBUG 19312 --- [gestiondeusuarios] [           main] o.s.b.f.s.DefaultListableBeanFactory     : Creating shared instance of singleton bean 'org.springframework.boot.autoconfigure.internalCachingMetadataReaderFactory'
2025-05-05T09:18:11.810-04:00  INFO 19312 --- [gestiondeusuarios] [           main] .s.d.r.c.RepositoryConfigurationDelegate : Bootstrapping Spring Data JPA repositories in DEFAULT mode.
2025-05-05T09:18:11.811-04:00 DEBUG 19312 --- [gestiondeusuarios] [           main] o.s.b.f.s.DefaultListableBeanFactory     : Creating shared instance of singleton bean 'org.springframework.boot.autoconfigure.AutoConfigurationPackages'
2025-05-05T09:18:11.811-04:00 DEBUG 19312 --- [gestiondeusuarios] [           main] o.s.b.a.AutoConfigurationPackages        : @EnableAutoConfiguration was declared on a class in the package 'gestion.usuarios.gestiondeusuarios'. Automatic @Repository and @Entity scanning is enabled.
2025-05-05T09:18:11.811-04:00 DEBUG 19312 --- [gestiondeusuarios] [           main] .s.d.r.c.RepositoryConfigurationDelegate : Scanning for JPA repositories in packages gestion.usuarios.gestiondeusuarios.
2025-05-05T09:18:11.816-04:00 DEBUG 19312 --- [gestiondeusuarios] [           main] o.s.d.r.c.RepositoryComponentProvider    : Identified candidate component class: file [C:\Users\httpd\OneDrive\Documentos\Duoc_uc\Clases\DESARROLLO-FULLSTACK\SEMANA-8\gestiondeusuarios\target\classes\gestion\usuarios\gestiondeusuarios\repositories\userRepository.class]
2025-05-05T09:18:11.821-04:00 DEBUG 19312 --- [gestiondeusuarios] [           main] ssPathScanningCandidateComponentProvider : Identified candidate component class: file [C:\Users\httpd\OneDrive\Documentos\Duoc_uc\Clases\DESARROLLO-FULLSTACK\SEMANA-8\gestiondeusuarios\target\classes\gestion\usuarios\gestiondeusuarios\service\userServiceImpl.class]
2025-05-05T09:18:11.823-04:00  INFO 19312 --- [gestiondeusuarios] [           main] .s.d.r.c.RepositoryConfigurationDelegate : Finished Spring Data repository scanning in 11 ms. Found 1 JPA repository interface.
2025-05-05T09:18:11.832-04:00 DEBUG 19312 --- [gestiondeusuarios] [           main] o.s.b.f.s.DefaultListableBeanFactory     : Creating shared instance of singleton bean 'org.springframework.boot.test.context.ImportsContextCustomizer$ImportsCleanupPostProcessor'
2025-05-05T09:18:11.833-04:00 DEBUG 19312 --- [gestiondeusuarios] [           main] o.s.b.f.s.DefaultListableBeanFactory     : Creating shared instance of singleton bean 'org.springframework.boot.test.mock.mockito.MockitoPostProcessor'
2025-05-05T09:18:11.833-04:00 DEBUG 19312 --- [gestiondeusuarios] [           main] o.s.b.f.s.DefaultListableBeanFactory     : Creating shared instance of singleton bean 'emBeanDefinitionRegistrarPostProcessor'
2025-05-05T09:18:11.833-04:00 DEBUG 19312 --- [gestiondeusuarios] [           main] o.s.b.f.s.DefaultListableBeanFactory     : Creating shared instance of singleton bean 'org.springframework.boot.sql.init.dependency.DatabaseInitializationDependencyConfigurer$DependsOnDatabaseInitializationPostProcessor'
2025-05-05T09:18:11.835-04:00 DEBUG 19312 --- [gestiondeusuarios] [           main] o.s.b.f.s.DefaultListableBeanFactory     : Creating shared instance of singleton bean 'org.springframework.context.event.internalEventListenerProcessor'
2025-05-05T09:18:11.835-04:00 DEBUG 19312 --- [gestiondeusuarios] [           main] o.s.b.f.s.DefaultListableBeanFactory     : Creating shared instance of singleton bean 'org.springframework.context.event.internalEventListenerFactory'
2025-05-05T09:18:11.835-04:00 DEBUG 19312 --- [gestiondeusuarios] [           main] o.s.b.f.s.DefaultListableBeanFactory     : Creating shared instance of singleton bean 'org.springframework.transaction.config.internalTransactionalEventListenerFactory'
2025-05-05T09:18:11.835-04:00 DEBUG 19312 --- [gestiondeusuarios] [           main] o.s.b.f.s.DefaultListableBeanFactory     : Creating shared instance of singleton bean 'org.springframework.context.annotation.internalAutowiredAnnotationProcessor'
2025-05-05T09:18:11.835-04:00 DEBUG 19312 --- [gestiondeusuarios] [           main] o.s.b.f.s.DefaultListableBeanFactory     : Creating shared instance of singleton bean 'org.springframework.context.annotation.internalCommonAnnotationProcessor'
2025-05-05T09:18:11.836-04:00 DEBUG 19312 --- [gestiondeusuarios] [           main] o.s.b.f.s.DefaultListableBeanFactory     : Creating shared instance of singleton bean 'org.springframework.context.annotation.internalPersistenceAnnotationProcessor'
2025-05-05T09:18:11.836-04:00 DEBUG 19312 --- [gestiondeusuarios] [           main] o.s.b.f.s.DefaultListableBeanFactory     : Creating shared instance of singleton bean 'org.springframework.boot.test.mock.mockito.MockitoPostProcessor$SpyPostProcessor'
2025-05-05T09:18:11.836-04:00 DEBUG 19312 --- [gestiondeusuarios] [           main] o.s.b.f.s.DefaultListableBeanFactory     : Creating shared instance of singleton bean 'jdbcConnectionDetailsHikariBeanPostProcessor'
2025-05-05T09:18:11.836-04:00 DEBUG 19312 --- [gestiondeusuarios] [           main] o.s.b.f.s.DefaultListableBeanFactory     : Creating shared instance of singleton bean 'org.springframework.boot.context.properties.ConfigurationPropertiesBindingPostProcessor'
2025-05-05T09:18:11.836-04:00 DEBUG 19312 --- [gestiondeusuarios] [           main] o.s.b.f.s.DefaultListableBeanFactory     : Creating shared instance of singleton bean 'org.springframework.boot.context.internalConfigurationPropertiesBinder'
2025-05-05T09:18:11.837-04:00 DEBUG 19312 --- [gestiondeusuarios] [           main] o.s.b.f.s.DefaultListableBeanFactory     : Creating shared instance of singleton bean 'org.springframework.aop.config.internalAutoProxyCreator'
2025-05-05T09:18:11.840-04:00 DEBUG 19312 --- [gestiondeusuarios] [           main] o.s.b.f.s.DefaultListableBeanFactory     : Creating shared instance of singleton bean 'org.springframework.test.context.support.internalDynamicPropertyRegistrarBeanInitializer'
2025-05-05T09:18:11.841-04:00 DEBUG 19312 --- [gestiondeusuarios] [           main] o.s.b.f.s.DefaultListableBeanFactory     : Creating shared instance of singleton bean 'org.springframework.transaction.config.internalTransactionAdvisor'
2025-05-05T09:18:11.841-04:00 DEBUG 19312 --- [gestiondeusuarios] [           main] o.s.b.f.s.DefaultListableBeanFactory     : Creating shared instance of singleton bean 'org.springframework.transaction.annotation.ProxyTransactionManagementConfiguration'
2025-05-05T09:18:11.844-04:00 DEBUG 19312 --- [gestiondeusuarios] [           main] o.s.b.f.s.DefaultListableBeanFactory     : Creating shared instance of singleton bean 'transactionAttributeSource'
2025-05-05T09:18:11.844-04:00 DEBUG 19312 --- [gestiondeusuarios] [           main] o.s.b.f.s.DefaultListableBeanFactory     : Creating shared instance of singleton bean 'transactionInterceptor'
2025-05-05T09:18:11.844-04:00 DEBUG 19312 --- [gestiondeusuarios] [           main] o.s.b.f.s.DefaultListableBeanFactory     : Autowiring by type from bean name 'transactionInterceptor' via factory method to bean named 'transactionAttributeSource'
2025-05-05T09:18:11.844-04:00 DEBUG 19312 --- [gestiondeusuarios] [           main] o.s.b.f.s.DefaultListableBeanFactory     : Autowiring by type from bean name 'org.springframework.transaction.config.internalTransactionAdvisor' via factory method to bean named 'transactionAttributeSource'
2025-05-05T09:18:11.844-04:00 DEBUG 19312 --- [gestiondeusuarios] [           main] o.s.b.f.s.DefaultListableBeanFactory     : Autowiring by type from bean name 'org.springframework.transaction.config.internalTransactionAdvisor' via factory method to bean named 'transactionInterceptor'
2025-05-05T09:18:11.845-04:00 DEBUG 19312 --- [gestiondeusuarios] [           main] o.s.b.f.s.DefaultListableBeanFactory     : Creating shared instance of singleton bean 'dataSourceScriptDatabaseInitializer'
2025-05-05T09:18:11.845-04:00 DEBUG 19312 --- [gestiondeusuarios] [           main] o.s.b.f.s.DefaultListableBeanFactory     : Creating shared instance of singleton bean 'org.springframework.boot.autoconfigure.sql.init.DataSourceInitializationConfiguration'
2025-05-05T09:18:11.845-04:00 DEBUG 19312 --- [gestiondeusuarios] [           main] o.s.b.f.s.DefaultListableBeanFactory     : Creating shared instance of singleton bean 'dataSource'
2025-05-05T09:18:11.845-04:00 DEBUG 19312 --- [gestiondeusuarios] [           main] o.s.b.f.s.DefaultListableBeanFactory     : Creating shared instance of singleton bean 'org.springframework.boot.autoconfigure.jdbc.DataSourceConfiguration$Hikari'
2025-05-05T09:18:11.845-04:00 DEBUG 19312 --- [gestiondeusuarios] [           main] o.s.b.f.s.DefaultListableBeanFactory     : Creating shared instance of singleton bean 'spring.datasource-org.springframework.boot.autoconfigure.jdbc.DataSourceProperties'
2025-05-05T09:18:11.846-04:00 DEBUG 19312 --- [gestiondeusuarios] [           main] o.s.b.f.s.DefaultListableBeanFactory     : Creating shared instance of singleton bean 'org.springframework.boot.context.properties.BoundConfigurationProperties'
2025-05-05T09:18:11.849-04:00 DEBUG 19312 --- [gestiondeusuarios] [           main] o.s.b.f.s.DefaultListableBeanFactory     : Creating shared instance of singleton bean 'jdbcConnectionDetails'
2025-05-05T09:18:11.849-04:00 DEBUG 19312 --- [gestiondeusuarios] [           main] o.s.b.f.s.DefaultListableBeanFactory     : Creating shared instance of singleton bean 'org.springframework.boot.autoconfigure.jdbc.DataSourceAutoConfiguration$PooledDataSourceConfiguration'
2025-05-05T09:18:11.849-04:00 DEBUG 19312 --- [gestiondeusuarios] [           main] o.s.b.f.s.DefaultListableBeanFactory     : Autowiring by type from bean name 'jdbcConnectionDetails' via factory method to bean named 'spring.datasource-org.springframework.boot.autoconfigure.jdbc.DataSourceProperties'
2025-05-05T09:18:11.850-04:00 DEBUG 19312 --- [gestiondeusuarios] [           main] o.s.b.f.s.DefaultListableBeanFactory     : Autowiring by type from bean name 'dataSource' via factory method to bean named 'spring.datasource-org.springframework.boot.autoconfigure.jdbc.DataSourceProperties'
2025-05-05T09:18:11.850-04:00 DEBUG 19312 --- [gestiondeusuarios] [           main] o.s.b.f.s.DefaultListableBeanFactory     : Autowiring by type from bean name 'dataSource' via factory method to bean named 'jdbcConnectionDetails'
2025-05-05T09:18:11.854-04:00 DEBUG 19312 --- [gestiondeusuarios] [           main] o.s.b.f.s.DefaultListableBeanFactory     : Creating shared instance of singleton bean 'spring.sql.init-org.springframework.boot.autoconfigure.sql.init.SqlInitializationProperties'
2025-05-05T09:18:11.855-04:00 DEBUG 19312 --- [gestiondeusuarios] [           main] o.s.b.f.s.DefaultListableBeanFactory     : Autowiring by type from bean name 'dataSourceScriptDatabaseInitializer' via factory method to bean named 'dataSource'
2025-05-05T09:18:11.855-04:00 DEBUG 19312 --- [gestiondeusuarios] [           main] o.s.b.f.s.DefaultListableBeanFactory     : Autowiring by type from bean name 'dataSourceScriptDatabaseInitializer' via factory method to bean named 'spring.sql.init-org.springframework.boot.autoconfigure.sql.init.SqlInitializationProperties'
2025-05-05T09:18:11.856-04:00 DEBUG 19312 --- [gestiondeusuarios] [           main] o.s.b.f.s.DefaultListableBeanFactory     : Creating shared instance of singleton bean 'entityManagerFactory'
2025-05-05T09:18:11.856-04:00 DEBUG 19312 --- [gestiondeusuarios] [           main] o.s.b.f.s.DefaultListableBeanFactory     : Creating shared instance of singleton bean 'org.springframework.boot.autoconfigure.orm.jpa.HibernateJpaConfiguration'
2025-05-05T09:18:11.856-04:00 DEBUG 19312 --- [gestiondeusuarios] [           main] o.s.b.f.s.DefaultListableBeanFactory     : Creating shared instance of singleton bean 'spring.jpa-org.springframework.boot.autoconfigure.orm.jpa.JpaProperties'
2025-05-05T09:18:11.857-04:00 DEBUG 19312 --- [gestiondeusuarios] [           main] o.s.b.f.s.DefaultListableBeanFactory     : Creating shared instance of singleton bean 'spring.jpa.hibernate-org.springframework.boot.autoconfigure.orm.jpa.HibernateProperties'
2025-05-05T09:18:11.858-04:00 DEBUG 19312 --- [gestiondeusuarios] [           main] o.s.b.f.s.DefaultListableBeanFactory     : Autowiring by type from bean name 'org.springframework.boot.autoconfigure.orm.jpa.HibernateJpaConfiguration' via constructor to bean named 'dataSource'
2025-05-05T09:18:11.858-04:00 DEBUG 19312 --- [gestiondeusuarios] [           main] o.s.b.f.s.DefaultListableBeanFactory     : Autowiring by type from bean name 'org.springframework.boot.autoconfigure.orm.jpa.HibernateJpaConfiguration' via constructor to bean named 'spring.jpa-org.springframework.boot.autoconfigure.orm.jpa.JpaProperties'
2025-05-05T09:18:11.858-04:00 DEBUG 19312 --- [gestiondeusuarios] [           main] o.s.b.f.s.DefaultListableBeanFactory     : Autowiring by type from bean name 'org.springframework.boot.autoconfigure.orm.jpa.HibernateJpaConfiguration' via constructor to bean named 'org.springframework.beans.factory.support.DefaultListableBeanFactory@763960eb'
2025-05-05T09:18:11.858-04:00 DEBUG 19312 --- [gestiondeusuarios] [           main] o.s.b.f.s.DefaultListableBeanFactory     : Autowiring by type from bean name 'org.springframework.boot.autoconfigure.orm.jpa.HibernateJpaConfiguration' via constructor to bean named 'spring.jpa.hibernate-org.springframework.boot.autoconfigure.orm.jpa.HibernateProperties'
2025-05-05T09:18:11.859-04:00 DEBUG 19312 --- [gestiondeusuarios] [           main] o.s.b.f.s.DefaultListableBeanFactory     : Creating shared instance of singleton bean 'hikariPoolDataSourceMetadataProvider'
2025-05-05T09:18:11.859-04:00 DEBUG 19312 --- [gestiondeusuarios] [           main] o.s.b.f.s.DefaultListableBeanFactory     : Creating shared instance of singleton bean 'org.springframework.boot.autoconfigure.jdbc.metadata.DataSourcePoolMetadataProvidersConfiguration$HikariPoolDataSourceMetadataProviderConfiguration'
2025-05-05T09:18:11.860-04:00 DEBUG 19312 --- [gestiondeusuarios] [           main] o.s.b.f.s.DefaultListableBeanFactory     : Creating shared instance of singleton bean 'entityManagerFactoryBuilder'
2025-05-05T09:18:11.860-04:00 DEBUG 19312 --- [gestiondeusuarios] [           main] o.s.b.f.s.DefaultListableBeanFactory     : Creating shared instance of singleton bean 'jpaVendorAdapter'
2025-05-05T09:18:11.860-04:00 DEBUG 19312 --- [gestiondeusuarios] [           main] o.s.b.f.s.DefaultListableBeanFactory     : Autowiring by type from bean name 'entityManagerFactoryBuilder' via factory method to bean named 'jpaVendorAdapter'
2025-05-05T09:18:11.860-04:00 DEBUG 19312 --- [gestiondeusuarios] [           main] o.s.b.f.s.DefaultListableBeanFactory     : Creating shared instance of singleton bean 'persistenceManagedTypes'
2025-05-05T09:18:11.861-04:00 DEBUG 19312 --- [gestiondeusuarios] [           main] o.s.b.f.s.DefaultListableBeanFactory     : Autowiring by type from bean name 'persistenceManagedTypes' via factory method to bean named 'org.springframework.beans.factory.support.DefaultListableBeanFactory@763960eb'
2025-05-05T09:18:11.861-04:00 DEBUG 19312 --- [gestiondeusuarios] [           main] o.s.b.f.s.DefaultListableBeanFactory     : Autowiring by type from bean name 'persistenceManagedTypes' via factory method to bean named 'org.springframework.context.annotation.AnnotationConfigApplicationContext@1a9ce44'
2025-05-05T09:18:11.864-04:00 DEBUG 19312 --- [gestiondeusuarios] [           main] o.s.b.f.s.DefaultListableBeanFactory     : Autowiring by type from bean name 'entityManagerFactory' via factory method to bean named 'entityManagerFactoryBuilder'
2025-05-05T09:18:11.864-04:00 DEBUG 19312 --- [gestiondeusuarios] [           main] o.s.b.f.s.DefaultListableBeanFactory     : Autowiring by type from bean name 'entityManagerFactory' via factory method to bean named 'persistenceManagedTypes'
2025-05-05T09:18:11.865-04:00 DEBUG 19312 --- [gestiondeusuarios] [           main] j.LocalContainerEntityManagerFactoryBean : Building JPA container EntityManagerFactory for persistence unit 'default'
2025-05-05T09:18:11.865-04:00  INFO 19312 --- [gestiondeusuarios] [           main] o.hibernate.jpa.internal.util.LogHelper  : HHH000204: Processing PersistenceUnitInfo [name: default]
2025-05-05T09:18:11.868-04:00  INFO 19312 --- [gestiondeusuarios] [           main] o.h.c.internal.RegionFactoryInitiator    : HHH000026: Second-level cache disabled
2025-05-05T09:18:11.877-04:00  INFO 19312 --- [gestiondeusuarios] [           main] o.s.o.j.p.SpringPersistenceUnitInfo      : No LoadTimeWeaver setup: ignoring JPA class transformer
2025-05-05T09:18:11.878-04:00  INFO 19312 --- [gestiondeusuarios] [           main] com.zaxxer.hikari.HikariDataSource       : HikariPool-2 - Starting...
2025-05-05T09:18:12.119-04:00  INFO 19312 --- [gestiondeusuarios] [           main] com.zaxxer.hikari.pool.HikariPool        : HikariPool-2 - Added connection oracle.jdbc.driver.T4CConnection@1dde749e
2025-05-05T09:18:12.120-04:00  INFO 19312 --- [gestiondeusuarios] [           main] com.zaxxer.hikari.HikariDataSource       : HikariPool-2 - Start completed.
2025-05-05T09:18:12.159-04:00  INFO 19312 --- [gestiondeusuarios] [           main] org.hibernate.orm.connections.pooling    : HHH10001005: Database info:
	Database JDBC URL [Connecting through datasource 'HikariDataSource (HikariPool-2)']
	Database driver: undefined/unknown
	Database version: 19.27
	Autocommit mode: undefined/unknown
	Isolation level: undefined/unknown
	Minimum pool size: undefined/unknown
	Maximum pool size: undefined/unknown
2025-05-05T09:18:12.210-04:00  INFO 19312 --- [gestiondeusuarios] [           main] o.h.e.t.j.p.i.JtaPlatformInitiator       : HHH000489: No JTA platform available (set 'hibernate.transaction.jta.platform' to enable JTA platform integration)
2025-05-05T09:18:17.270-04:00  INFO 19312 --- [gestiondeusuarios] [           main] j.LocalContainerEntityManagerFactoryBean : Initialized JPA EntityManagerFactory for persistence unit 'default'
2025-05-05T09:18:17.271-04:00 DEBUG 19312 --- [gestiondeusuarios] [           main] o.s.b.f.s.DefaultListableBeanFactory     : Creating shared instance of singleton bean 'gestiondeusuariosApplication'
2025-05-05T09:18:17.272-04:00 DEBUG 19312 --- [gestiondeusuarios] [           main] o.s.b.f.s.DefaultListableBeanFactory     : Creating shared instance of singleton bean 'org.springframework.boot.test.autoconfigure.jdbc.TestDatabaseAutoConfiguration'
2025-05-05T09:18:17.273-04:00 DEBUG 19312 --- [gestiondeusuarios] [           main] o.s.b.f.s.DefaultListableBeanFactory     : Creating shared instance of singleton bean 'org.springframework.boot.autoconfigure.jdbc.metadata.DataSourcePoolMetadataProvidersConfiguration'
2025-05-05T09:18:17.273-04:00 DEBUG 19312 --- [gestiondeusuarios] [           main] o.s.b.f.s.DefaultListableBeanFactory     : Creating shared instance of singleton bean 'org.springframework.boot.autoconfigure.jdbc.DataSourceAutoConfiguration'
2025-05-05T09:18:17.273-04:00 DEBUG 19312 --- [gestiondeusuarios] [           main] o.s.b.f.s.DefaultListableBeanFactory     : Creating shared instance of singleton bean 'org.springframework.boot.context.properties.EnableConfigurationPropertiesRegistrar.methodValidationExcludeFilter'
2025-05-05T09:18:17.274-04:00 DEBUG 19312 --- [gestiondeusuarios] [           main] o.s.b.f.s.DefaultListableBeanFactory     : Creating shared instance of singleton bean 'org.springframework.boot.autoconfigure.orm.jpa.JpaBaseConfiguration$PersistenceManagedTypesConfiguration'
2025-05-05T09:18:17.274-04:00 DEBUG 19312 --- [gestiondeusuarios] [           main] o.s.b.f.s.DefaultListableBeanFactory     : Creating shared instance of singleton bean 'transactionManager'
2025-05-05T09:18:17.276-04:00 DEBUG 19312 --- [gestiondeusuarios] [           main] o.s.b.f.s.DefaultListableBeanFactory     : Creating shared instance of singleton bean 'org.springframework.boot.autoconfigure.orm.jpa.HibernateJpaAutoConfiguration'
2025-05-05T09:18:17.276-04:00 DEBUG 19312 --- [gestiondeusuarios] [           main] o.s.b.f.s.DefaultListableBeanFactory     : Creating shared instance of singleton bean 'org.springframework.boot.autoconfigure.data.jpa.JpaRepositoriesAutoConfiguration'
2025-05-05T09:18:17.276-04:00 DEBUG 19312 --- [gestiondeusuarios] [           main] o.s.b.f.s.DefaultListableBeanFactory     : Creating shared instance of singleton bean 'jpaSharedEM_entityManagerFactory'
2025-05-05T09:18:17.278-04:00 DEBUG 19312 --- [gestiondeusuarios] [           main] o.s.b.f.s.DefaultListableBeanFactory     : Creating shared instance of singleton bean 'org.springframework.data.jpa.util.JpaMetamodelCacheCleanup'
2025-05-05T09:18:17.278-04:00 DEBUG 19312 --- [gestiondeusuarios] [           main] o.s.b.f.s.DefaultListableBeanFactory     : Creating shared instance of singleton bean 'org.springframework.data.jpa.repository.support.JpaEvaluationContextExtension'
2025-05-05T09:18:17.278-04:00 DEBUG 19312 --- [gestiondeusuarios] [           main] o.s.b.f.s.DefaultListableBeanFactory     : Creating shared instance of singleton bean 'jpa.named-queries#0'
2025-05-05T09:18:17.279-04:00 DEBUG 19312 --- [gestiondeusuarios] [           main] o.s.b.f.s.DefaultListableBeanFactory     : Creating shared instance of singleton bean 'jpa.userRepository.fragments#0'
2025-05-05T09:18:17.279-04:00 DEBUG 19312 --- [gestiondeusuarios] [           main] o.s.b.f.s.DefaultListableBeanFactory     : Creating shared instance of singleton bean 'userRepository'
2025-05-05T09:18:17.282-04:00 DEBUG 19312 --- [gestiondeusuarios] [           main] o.s.b.f.s.DefaultListableBeanFactory     : Creating shared instance of singleton bean 'jpaMappingContext'
2025-05-05T09:18:17.282-04:00 DEBUG 19312 --- [gestiondeusuarios] [           main] .c.JpaMetamodelMappingContextFactoryBean : Initializing JpaMetamodelMappingContext…
2025-05-05T09:18:17.282-04:00 DEBUG 19312 --- [gestiondeusuarios] [           main] .c.JpaMetamodelMappingContextFactoryBean : Finished initializing JpaMetamodelMappingContext
2025-05-05T09:18:17.283-04:00 DEBUG 19312 --- [gestiondeusuarios] [           main] tor$SharedEntityManagerInvocationHandler : Creating new EntityManager for shared EntityManager invocation
2025-05-05T09:18:17.286-04:00 DEBUG 19312 --- [gestiondeusuarios] [           main] o.s.d.r.c.s.RepositoryFactorySupport     : Initializing repository instance for gestion.usuarios.gestiondeusuarios.repositories.userRepository…
2025-05-05T09:18:17.286-04:00 DEBUG 19312 --- [gestiondeusuarios] [           main] tor$SharedEntityManagerInvocationHandler : Creating new EntityManager for shared EntityManager invocation
2025-05-05T09:18:17.287-04:00 DEBUG 19312 --- [gestiondeusuarios] [           main] o.s.d.jpa.repository.query.NamedQuery    : Looking up named query 'Usuarios.findByEmailAndPassword'
2025-05-05T09:18:17.288-04:00 DEBUG 19312 --- [gestiondeusuarios] [           main] o.s.d.jpa.repository.query.NamedQuery    : Did not find named query Usuarios.findByEmailAndPassword
2025-05-05T09:18:17.288-04:00 DEBUG 19312 --- [gestiondeusuarios] [           main] tor$SharedEntityManagerInvocationHandler : Creating new EntityManager for shared EntityManager invocation
2025-05-05T09:18:17.288-04:00 DEBUG 19312 --- [gestiondeusuarios] [           main] o.s.d.r.c.s.RepositoryFactorySupport     : Finished creation of repository instance for gestion.usuarios.gestiondeusuarios.repositories.userRepository.
2025-05-05T09:18:17.289-04:00 DEBUG 19312 --- [gestiondeusuarios] [           main] o.s.b.f.s.DefaultListableBeanFactory     : Creating shared instance of singleton bean 'data-jpa.repository-aot-processor#0'
2025-05-05T09:18:17.289-04:00 DEBUG 19312 --- [gestiondeusuarios] [           main] o.s.b.f.s.DefaultListableBeanFactory     : Creating shared instance of singleton bean 'org.springframework.boot.autoconfigure.jdbc.JdbcTemplateConfiguration'
2025-05-05T09:18:17.289-04:00 DEBUG 19312 --- [gestiondeusuarios] [           main] o.s.b.f.s.DefaultListableBeanFactory     : Creating shared instance of singleton bean 'jdbcTemplate'
2025-05-05T09:18:17.290-04:00 DEBUG 19312 --- [gestiondeusuarios] [           main] o.s.b.f.s.DefaultListableBeanFactory     : Creating shared instance of singleton bean 'spring.jdbc-org.springframework.boot.autoconfigure.jdbc.JdbcProperties'
2025-05-05T09:18:17.291-04:00 DEBUG 19312 --- [gestiondeusuarios] [           main] o.s.b.f.s.DefaultListableBeanFactory     : Autowiring by type from bean name 'jdbcTemplate' via factory method to bean named 'dataSource'
2025-05-05T09:18:17.291-04:00 DEBUG 19312 --- [gestiondeusuarios] [           main] o.s.b.f.s.DefaultListableBeanFactory     : Autowiring by type from bean name 'jdbcTemplate' via factory method to bean named 'spring.jdbc-org.springframework.boot.autoconfigure.jdbc.JdbcProperties'
2025-05-05T09:18:17.291-04:00 DEBUG 19312 --- [gestiondeusuarios] [           main] o.s.b.f.s.DefaultListableBeanFactory     : Creating shared instance of singleton bean 'org.springframework.boot.autoconfigure.jdbc.NamedParameterJdbcTemplateConfiguration'
2025-05-05T09:18:17.291-04:00 DEBUG 19312 --- [gestiondeusuarios] [           main] o.s.b.f.s.DefaultListableBeanFactory     : Creating shared instance of singleton bean 'namedParameterJdbcTemplate'
2025-05-05T09:18:17.291-04:00 DEBUG 19312 --- [gestiondeusuarios] [           main] o.s.b.f.s.DefaultListableBeanFactory     : Autowiring by type from bean name 'namedParameterJdbcTemplate' via factory method to bean named 'jdbcTemplate'
2025-05-05T09:18:17.292-04:00 DEBUG 19312 --- [gestiondeusuarios] [           main] o.s.b.f.s.DefaultListableBeanFactory     : Creating shared instance of singleton bean 'org.springframework.boot.autoconfigure.jdbc.JdbcTemplateAutoConfiguration'
2025-05-05T09:18:17.292-04:00 DEBUG 19312 --- [gestiondeusuarios] [           main] o.s.b.f.s.DefaultListableBeanFactory     : Creating shared instance of singleton bean 'org.springframework.boot.autoconfigure.jdbc.JdbcClientAutoConfiguration'
2025-05-05T09:18:17.292-04:00 DEBUG 19312 --- [gestiondeusuarios] [           main] o.s.b.f.s.DefaultListableBeanFactory     : Creating shared instance of singleton bean 'jdbcClient'
2025-05-05T09:18:17.292-04:00 DEBUG 19312 --- [gestiondeusuarios] [           main] o.s.b.f.s.DefaultListableBeanFactory     : Autowiring by type from bean name 'jdbcClient' via factory method to bean named 'namedParameterJdbcTemplate'
2025-05-05T09:18:17.292-04:00 DEBUG 19312 --- [gestiondeusuarios] [           main] o.s.b.f.s.DefaultListableBeanFactory     : Creating shared instance of singleton bean 'org.springframework.boot.autoconfigure.sql.init.SqlInitializationAutoConfiguration'
2025-05-05T09:18:17.292-04:00 DEBUG 19312 --- [gestiondeusuarios] [           main] o.s.b.f.s.DefaultListableBeanFactory     : Creating shared instance of singleton bean 'org.springframework.boot.autoconfigure.jdbc.DataSourceTransactionManagerAutoConfiguration$JdbcTransactionManagerConfiguration'
2025-05-05T09:18:17.292-04:00 DEBUG 19312 --- [gestiondeusuarios] [           main] o.s.b.f.s.DefaultListableBeanFactory     : Creating shared instance of singleton bean 'org.springframework.boot.autoconfigure.jdbc.DataSourceTransactionManagerAutoConfiguration'
2025-05-05T09:18:17.292-04:00 DEBUG 19312 --- [gestiondeusuarios] [           main] o.s.b.f.s.DefaultListableBeanFactory     : Creating shared instance of singleton bean 'org.springframework.boot.autoconfigure.transaction.TransactionAutoConfiguration$EnableTransactionManagementConfiguration$CglibAutoProxyConfiguration'
2025-05-05T09:18:17.293-04:00 DEBUG 19312 --- [gestiondeusuarios] [           main] o.s.b.f.s.DefaultListableBeanFactory     : Creating shared instance of singleton bean 'org.springframework.boot.autoconfigure.transaction.TransactionAutoConfiguration$EnableTransactionManagementConfiguration'
2025-05-05T09:18:17.293-04:00 DEBUG 19312 --- [gestiondeusuarios] [           main] o.s.b.f.s.DefaultListableBeanFactory     : Creating shared instance of singleton bean 'org.springframework.boot.autoconfigure.transaction.TransactionAutoConfiguration$TransactionTemplateConfiguration'
2025-05-05T09:18:17.293-04:00 DEBUG 19312 --- [gestiondeusuarios] [           main] o.s.b.f.s.DefaultListableBeanFactory     : Creating shared instance of singleton bean 'transactionTemplate'
2025-05-05T09:18:17.293-04:00 DEBUG 19312 --- [gestiondeusuarios] [           main] o.s.b.f.s.DefaultListableBeanFactory     : Autowiring by type from bean name 'transactionTemplate' via factory method to bean named 'transactionManager'
2025-05-05T09:18:17.293-04:00 DEBUG 19312 --- [gestiondeusuarios] [           main] o.s.b.f.s.DefaultListableBeanFactory     : Creating shared instance of singleton bean 'org.springframework.boot.autoconfigure.transaction.TransactionAutoConfiguration'
2025-05-05T09:18:17.293-04:00 DEBUG 19312 --- [gestiondeusuarios] [           main] o.s.b.f.s.DefaultListableBeanFactory     : Creating shared instance of singleton bean 'org.springframework.boot.test.autoconfigure.orm.jpa.TestEntityManagerAutoConfiguration'
2025-05-05T09:18:17.293-04:00 DEBUG 19312 --- [gestiondeusuarios] [           main] o.s.b.f.s.DefaultListableBeanFactory     : Creating shared instance of singleton bean 'testEntityManager'
2025-05-05T09:18:17.293-04:00 DEBUG 19312 --- [gestiondeusuarios] [           main] o.s.b.f.s.DefaultListableBeanFactory     : Autowiring by type from bean name 'testEntityManager' via factory method to bean named 'entityManagerFactory'
2025-05-05T09:18:17.295-04:00 DEBUG 19312 --- [gestiondeusuarios] [           main] o.s.c.support.DefaultLifecycleProcessor  : Starting beans in phase -2147483647
2025-05-05T09:18:17.295-04:00 DEBUG 19312 --- [gestiondeusuarios] [           main] o.s.c.support.DefaultLifecycleProcessor  : Successfully started bean 'springBootLoggingLifecycle'
2025-05-05T09:18:17.296-04:00 DEBUG 19312 --- [gestiondeusuarios] [           main] .s.b.a.l.ConditionEvaluationReportLogger : 


============================
CONDITIONS EVALUATION REPORT
============================


Positive matches:
-----------------

   DataSourceAutoConfiguration matched:
      - @ConditionalOnClass found required classes 'javax.sql.DataSource', 'org.springframework.jdbc.datasource.embedded.EmbeddedDatabaseType' (OnClassCondition)
      - @ConditionalOnMissingBean (types: io.r2dbc.spi.ConnectionFactory; SearchStrategy: all) did not find any beans (OnBeanCondition)

   DataSourceAutoConfiguration.PooledDataSourceConfiguration matched:
      - AnyNestedCondition 1 matched 1 did not; NestedCondition on DataSourceAutoConfiguration.PooledDataSourceCondition.PooledDataSourceAvailable PooledDataSource found supported DataSource; NestedCondition on DataSourceAutoConfiguration.PooledDataSourceCondition.ExplicitType @ConditionalOnProperty (spring.datasource.type) did not find property 'type' (DataSourceAutoConfiguration.PooledDataSourceCondition)
      - @ConditionalOnMissingBean (types: javax.sql.DataSource,javax.sql.XADataSource; SearchStrategy: all) did not find any beans (OnBeanCondition)

   DataSourceAutoConfiguration.PooledDataSourceConfiguration#jdbcConnectionDetails matched:
      - @ConditionalOnMissingBean (types: org.springframework.boot.autoconfigure.jdbc.JdbcConnectionDetails; SearchStrategy: all) did not find any beans (OnBeanCondition)

   DataSourceConfiguration.Hikari matched:
      - @ConditionalOnClass found required class 'com.zaxxer.hikari.HikariDataSource' (OnClassCondition)
      - @ConditionalOnProperty (spring.datasource.type=com.zaxxer.hikari.HikariDataSource) matched (OnPropertyCondition)
      - @ConditionalOnMissingBean (types: javax.sql.DataSource; SearchStrategy: all) did not find any beans (OnBeanCondition)

   DataSourceInitializationConfiguration matched:
      - @ConditionalOnClass found required class 'org.springframework.jdbc.datasource.init.DatabasePopulator' (OnClassCondition)
      - @ConditionalOnSingleCandidate (types: javax.sql.DataSource; SearchStrategy: all) found a single bean 'dataSource'; @ConditionalOnMissingBean (types: org.springframework.boot.autoconfigure.sql.init.SqlDataSourceScriptDatabaseInitializer,org.springframework.boot.autoconfigure.sql.init.SqlR2dbcScriptDatabaseInitializer; SearchStrategy: all) did not find any beans (OnBeanCondition)

   DataSourcePoolMetadataProvidersConfiguration.HikariPoolDataSourceMetadataProviderConfiguration matched:
      - @ConditionalOnClass found required class 'com.zaxxer.hikari.HikariDataSource' (OnClassCondition)

   DataSourceTransactionManagerAutoConfiguration matched:
      - @ConditionalOnClass found required classes 'javax.sql.DataSource', 'org.springframework.jdbc.core.JdbcTemplate', 'org.springframework.transaction.TransactionManager' (OnClassCondition)

   DataSourceTransactionManagerAutoConfiguration.JdbcTransactionManagerConfiguration matched:
      - @ConditionalOnSingleCandidate (types: javax.sql.DataSource; SearchStrategy: all) found a single bean 'dataSource' (OnBeanCondition)

   HibernateJpaAutoConfiguration matched:
      - @ConditionalOnClass found required classes 'org.springframework.orm.jpa.LocalContainerEntityManagerFactoryBean', 'jakarta.persistence.EntityManager', 'org.hibernate.engine.spi.SessionImplementor' (OnClassCondition)

   HibernateJpaConfiguration matched:
      - @ConditionalOnSingleCandidate (types: javax.sql.DataSource; SearchStrategy: all) found a single bean 'dataSource' (OnBeanCondition)

   JdbcClientAutoConfiguration matched:
      - @ConditionalOnSingleCandidate (types: org.springframework.jdbc.core.namedparam.NamedParameterJdbcTemplate; SearchStrategy: all) found a single bean 'namedParameterJdbcTemplate'; @ConditionalOnMissingBean (types: org.springframework.jdbc.core.simple.JdbcClient; SearchStrategy: all) did not find any beans (OnBeanCondition)

   JdbcTemplateAutoConfiguration matched:
      - @ConditionalOnClass found required classes 'javax.sql.DataSource', 'org.springframework.jdbc.core.JdbcTemplate' (OnClassCondition)
      - @ConditionalOnSingleCandidate (types: javax.sql.DataSource; SearchStrategy: all) found a single bean 'dataSource' (OnBeanCondition)

   JdbcTemplateConfiguration matched:
      - @ConditionalOnMissingBean (types: org.springframework.jdbc.core.JdbcOperations; SearchStrategy: all) did not find any beans (OnBeanCondition)

   JpaBaseConfiguration#entityManagerFactory matched:
      - @ConditionalOnMissingBean (types: org.springframework.orm.jpa.LocalContainerEntityManagerFactoryBean,jakarta.persistence.EntityManagerFactory; SearchStrategy: all) did not find any beans (OnBeanCondition)

   JpaBaseConfiguration#entityManagerFactoryBuilder matched:
      - @ConditionalOnMissingBean (types: org.springframework.boot.orm.jpa.EntityManagerFactoryBuilder; SearchStrategy: all) did not find any beans (OnBeanCondition)

   JpaBaseConfiguration#jpaVendorAdapter matched:
      - @ConditionalOnMissingBean (types: org.springframework.orm.jpa.JpaVendorAdapter; SearchStrategy: all) did not find any beans (OnBeanCondition)

   JpaBaseConfiguration#transactionManager matched:
      - @ConditionalOnMissingBean (types: org.springframework.transaction.TransactionManager; SearchStrategy: all) did not find any beans (OnBeanCondition)

   JpaBaseConfiguration.PersistenceManagedTypesConfiguration matched:
      - @ConditionalOnMissingBean (types: org.springframework.orm.jpa.LocalContainerEntityManagerFactoryBean,jakarta.persistence.EntityManagerFactory; SearchStrategy: all) did not find any beans (OnBeanCondition)

   JpaBaseConfiguration.PersistenceManagedTypesConfiguration#persistenceManagedTypes matched:
      - @ConditionalOnMissingBean (types: org.springframework.orm.jpa.persistenceunit.PersistenceManagedTypes; SearchStrategy: all) did not find any beans (OnBeanCondition)

   JpaRepositoriesAutoConfiguration matched:
      - @ConditionalOnClass found required class 'org.springframework.data.jpa.repository.JpaRepository' (OnClassCondition)
      - @ConditionalOnProperty (spring.data.jpa.repositories.enabled=true) matched (OnPropertyCondition)
      - @ConditionalOnBean (types: javax.sql.DataSource; SearchStrategy: all) found bean 'dataSource'; @ConditionalOnMissingBean (types: org.springframework.data.jpa.repository.support.JpaRepositoryFactoryBean,org.springframework.data.jpa.repository.config.JpaRepositoryConfigExtension; SearchStrategy: all) did not find any beans (OnBeanCondition)

   NamedParameterJdbcTemplateConfiguration matched:
      - @ConditionalOnSingleCandidate (types: org.springframework.jdbc.core.JdbcTemplate; SearchStrategy: all) found a single bean 'jdbcTemplate'; @ConditionalOnMissingBean (types: org.springframework.jdbc.core.namedparam.NamedParameterJdbcOperations; SearchStrategy: all) did not find any beans (OnBeanCondition)

   NoOpCacheConfiguration matched:
      - Cache org.springframework.boot.autoconfigure.cache.NoOpCacheConfiguration NONE cache type (CacheCondition)

   SqlInitializationAutoConfiguration matched:
      - @ConditionalOnProperty (spring.sql.init.enabled) matched (OnPropertyCondition)
      - NoneNestedConditions 0 matched 1 did not; NestedCondition on SqlInitializationAutoConfiguration.SqlInitializationModeCondition.ModeIsNever @ConditionalOnProperty (spring.sql.init.mode=never) did not find property 'mode' (SqlInitializationAutoConfiguration.SqlInitializationModeCondition)

   TestEntityManagerAutoConfiguration matched:
      - @ConditionalOnClass found required class 'jakarta.persistence.EntityManagerFactory' (OnClassCondition)

   TestEntityManagerAutoConfiguration#testEntityManager matched:
      - @ConditionalOnMissingBean (types: org.springframework.boot.test.autoconfigure.orm.jpa.TestEntityManager; SearchStrategy: all) did not find any beans (OnBeanCondition)

   TransactionAutoConfiguration matched:
      - @ConditionalOnClass found required class 'org.springframework.transaction.PlatformTransactionManager' (OnClassCondition)

   TransactionAutoConfiguration.EnableTransactionManagementConfiguration matched:
      - @ConditionalOnBean (types: org.springframework.transaction.TransactionManager; SearchStrategy: all) found bean 'transactionManager'; @ConditionalOnMissingBean (types: org.springframework.transaction.annotation.AbstractTransactionManagementConfiguration; SearchStrategy: all) did not find any beans (OnBeanCondition)

   TransactionAutoConfiguration.EnableTransactionManagementConfiguration.CglibAutoProxyConfiguration matched:
      - @ConditionalOnProperty (spring.aop.proxy-target-class=true) matched (OnPropertyCondition)

   TransactionAutoConfiguration.TransactionTemplateConfiguration matched:
      - @ConditionalOnSingleCandidate (types: org.springframework.transaction.PlatformTransactionManager; SearchStrategy: all) found a single bean 'transactionManager' (OnBeanCondition)

   TransactionAutoConfiguration.TransactionTemplateConfiguration#transactionTemplate matched:
      - @ConditionalOnMissingBean (types: org.springframework.transaction.support.TransactionOperations; SearchStrategy: all) did not find any beans (OnBeanCondition)


Negative matches:
-----------------

   Cache2kCacheConfiguration:
      Did not match:
         - @ConditionalOnClass did not find required class 'org.cache2k.Cache2kBuilder' (OnClassCondition)

   CacheAutoConfiguration:
      Did not match:
         - @ConditionalOnBean (types: org.springframework.cache.interceptor.CacheAspectSupport; SearchStrategy: all) did not find any beans of type org.springframework.cache.interceptor.CacheAspectSupport (OnBeanCondition)
      Matched:
         - @ConditionalOnClass found required class 'org.springframework.cache.CacheManager' (OnClassCondition)

   CacheAutoConfiguration.CacheManagerEntityManagerFactoryDependsOnPostProcessor:
      Did not match:
         - Ancestor org.springframework.boot.autoconfigure.cache.CacheAutoConfiguration did not match (ConditionEvaluationReport.AncestorsMatchedCondition)
      Matched:
         - @ConditionalOnClass found required class 'org.springframework.orm.jpa.LocalContainerEntityManagerFactoryBean' (OnClassCondition)

   CaffeineCacheConfiguration:
      Did not match:
         - @ConditionalOnClass did not find required class 'com.github.benmanes.caffeine.cache.Caffeine' (OnClassCondition)

   CouchbaseCacheConfiguration:
      Did not match:
         - @ConditionalOnClass did not find required class 'com.couchbase.client.java.Cluster' (OnClassCondition)

   DataSourceAutoConfiguration.EmbeddedDatabaseConfiguration:
      Did not match:
         - EmbeddedDataSource spring.datasource.url is set (DataSourceAutoConfiguration.EmbeddedDatabaseCondition)

   DataSourceCheckpointRestoreConfiguration:
      Did not match:
         - @ConditionalOnClass did not find required class 'org.crac.Resource' (OnClassCondition)

   DataSourceConfiguration.Dbcp2:
      Did not match:
         - @ConditionalOnClass did not find required class 'org.apache.commons.dbcp2.BasicDataSource' (OnClassCondition)

   DataSourceConfiguration.Generic:
      Did not match:
         - @ConditionalOnProperty (spring.datasource.type) did not find property 'spring.datasource.type' (OnPropertyCondition)

   DataSourceConfiguration.OracleUcp:
      Did not match:
         - @ConditionalOnClass did not find required class 'oracle.ucp.jdbc.PoolDataSourceImpl' (OnClassCondition)

   DataSourceConfiguration.Tomcat:
      Did not match:
         - @ConditionalOnClass did not find required class 'org.apache.tomcat.jdbc.pool.DataSource' (OnClassCondition)

   DataSourceJmxConfiguration:
      Did not match:
         - @ConditionalOnProperty (spring.jmx.enabled=true) found different value in property 'enabled' (OnPropertyCondition)

   DataSourcePoolMetadataProvidersConfiguration.CommonsDbcp2PoolDataSourceMetadataProviderConfiguration:
      Did not match:
         - @ConditionalOnClass did not find required class 'org.apache.commons.dbcp2.BasicDataSource' (OnClassCondition)

   DataSourcePoolMetadataProvidersConfiguration.OracleUcpPoolDataSourceMetadataProviderConfiguration:
      Did not match:
         - @ConditionalOnClass did not find required class 'oracle.ucp.jdbc.PoolDataSource' (OnClassCondition)

   DataSourcePoolMetadataProvidersConfiguration.TomcatDataSourcePoolMetadataProviderConfiguration:
      Did not match:
         - @ConditionalOnClass did not find required class 'org.apache.tomcat.jdbc.pool.DataSource' (OnClassCondition)

   DataSourceTransactionManagerAutoConfiguration.JdbcTransactionManagerConfiguration#transactionManager:
      Did not match:
         - @ConditionalOnMissingBean (types: org.springframework.transaction.TransactionManager; SearchStrategy: all) found beans of type 'org.springframework.transaction.TransactionManager' transactionManager (OnBeanCondition)

   FlywayAutoConfiguration:
      Did not match:
         - @ConditionalOnClass did not find required class 'org.flywaydb.core.Flyway' (OnClassCondition)

   GenericCacheConfiguration:
      Did not match:
         - Cache org.springframework.boot.autoconfigure.cache.GenericCacheConfiguration unknown cache type (CacheCondition)

   HazelcastCacheConfiguration:
      Did not match:
         - @ConditionalOnClass did not find required class 'com.hazelcast.core.HazelcastInstance' (OnClassCondition)

   InfinispanCacheConfiguration:
      Did not match:
         - @ConditionalOnClass did not find required class 'org.infinispan.spring.embedded.provider.SpringEmbeddedCacheManager' (OnClassCondition)

   JCacheCacheConfiguration:
      Did not match:
         - @ConditionalOnClass did not find required class 'javax.cache.Caching' (OnClassCondition)

   JpaBaseConfiguration.JpaWebConfiguration:
      Did not match:
         - not a servlet web application (OnWebApplicationCondition)
      Matched:
         - @ConditionalOnClass found required class 'org.springframework.web.servlet.config.annotation.WebMvcConfigurer' (OnClassCondition)

   JpaRepositoriesAutoConfiguration#entityManagerFactoryBootstrapExecutorCustomizer:
      Did not match:
         - AnyNestedCondition 0 matched 2 did not; NestedCondition on JpaRepositoriesAutoConfiguration.BootstrapExecutorCondition.LazyBootstrapMode @ConditionalOnProperty (spring.data.jpa.repositories.bootstrap-mode=lazy) found different value in property 'bootstrap-mode'; NestedCondition on JpaRepositoriesAutoConfiguration.BootstrapExecutorCondition.DeferredBootstrapMode @ConditionalOnProperty (spring.data.jpa.repositories.bootstrap-mode=deferred) found different value in property 'bootstrap-mode' (JpaRepositoriesAutoConfiguration.BootstrapExecutorCondition)

   LiquibaseAutoConfiguration:
      Did not match:
         - @ConditionalOnClass did not find required class 'liquibase.change.DatabaseChange' (OnClassCondition)

   R2dbcInitializationConfiguration:
      Did not match:
         - @ConditionalOnClass did not find required classes 'io.r2dbc.spi.ConnectionFactory', 'org.springframework.r2dbc.connection.init.DatabasePopulator' (OnClassCondition)

   RedisCacheConfiguration:
      Did not match:
         - @ConditionalOnClass did not find required class 'org.springframework.data.redis.connection.RedisConnectionFactory' (OnClassCondition)

   SimpleCacheConfiguration:
      Did not match:
         - Cache org.springframework.boot.autoconfigure.cache.SimpleCacheConfiguration unknown cache type (CacheCondition)

   TestDatabaseAutoConfiguration#dataSource:
      Did not match:
         - @ConditionalOnProperty (spring.test.database.replace=AUTO_CONFIGURED) found different value in property 'replace' (OnPropertyCondition)

   TestDatabaseAutoConfiguration#embeddedDataSourceBeanFactoryPostProcessor:
      Did not match:
         - @ConditionalOnProperty (spring.test.database.replace=ANY) found different value in property 'replace' (OnPropertyCondition)

   TestDatabaseAutoConfiguration#nonTestEmbeddedDataSourceBeanFactoryPostProcessor:
      Did not match:
         - @ConditionalOnProperty (spring.test.database.replace=NON_TEST) found different value in property 'replace' (OnPropertyCondition)

   TransactionAutoConfiguration#transactionalOperator:
      Did not match:
         - @ConditionalOnSingleCandidate (types: org.springframework.transaction.ReactiveTransactionManager; SearchStrategy: all) did not find any beans (OnBeanCondition)

   TransactionAutoConfiguration.AspectJTransactionManagementConfiguration:
      Did not match:
         - @ConditionalOnBean (types: org.springframework.transaction.aspectj.AbstractTransactionAspect; SearchStrategy: all) did not find any beans of type org.springframework.transaction.aspectj.AbstractTransactionAspect (OnBeanCondition)

   TransactionAutoConfiguration.EnableTransactionManagementConfiguration.JdkDynamicAutoProxyConfiguration:
      Did not match:
         - @ConditionalOnProperty (spring.aop.proxy-target-class=false) did not find property 'proxy-target-class' (OnPropertyCondition)


Exclusions:
-----------

    None


Unconditional classes:
----------------------

    org.springframework.boot.test.autoconfigure.jdbc.TestDatabaseAutoConfiguration



2025-05-05T09:18:17.296-04:00  INFO 19312 --- [gestiondeusuarios] [           main] g.u.g.repositories.userRepositoryTest    : Started userRepositoryTest in 5.585 seconds (process running for 24.571)
2025-05-05T09:18:17.297-04:00 DEBUG 19312 --- [gestiondeusuarios] [           main] org.springframework.test.context.cache   : Spring test ApplicationContext cache statistics: [DefaultContextCache@3be80ece size = 3, maxSize = 32, parentContextCount = 0, hitCount = 30, missCount = 3, failureCount = 0]
2025-05-05T09:18:17.298-04:00 DEBUG 19312 --- [gestiondeusuarios] [           main] org.springframework.test.context.cache   : Spring test ApplicationContext cache statistics: [DefaultContextCache@3be80ece size = 3, maxSize = 32, parentContextCount = 0, hitCount = 31, missCount = 3, failureCount = 0]
2025-05-05T09:18:17.298-04:00 DEBUG 19312 --- [gestiondeusuarios] [           main] sContextBeforeModesTestExecutionListener : Before test method: class [userRepositoryTest], method [testSaveUser], class annotated with @DirtiesContext [false] with mode [null], method annotated with @DirtiesContext [false] with mode [null]
2025-05-05T09:18:17.300-04:00 DEBUG 19312 --- [gestiondeusuarios] [           main] t.c.t.TransactionalTestExecutionListener : Explicit transaction definition [PROPAGATION_REQUIRED,ISOLATION_DEFAULT] found for test class [gestion.usuarios.gestiondeusuarios.repositories.userRepositoryTest] and test method [testSaveUser]
2025-05-05T09:18:17.300-04:00 DEBUG 19312 --- [gestiondeusuarios] [           main] org.springframework.test.context.cache   : Spring test ApplicationContext cache statistics: [DefaultContextCache@3be80ece size = 3, maxSize = 32, parentContextCount = 0, hitCount = 32, missCount = 3, failureCount = 0]
2025-05-05T09:18:17.302-04:00 DEBUG 19312 --- [gestiondeusuarios] [           main] t.c.t.TransactionalTestExecutionListener : No method-level @Rollback override: using default rollback [true] for test method [public void gestion.usuarios.gestiondeusuarios.repositories.userRepositoryTest.testSaveUser()]
2025-05-05T09:18:17.302-04:00 DEBUG 19312 --- [gestiondeusuarios] [           main] o.s.orm.jpa.JpaTransactionManager        : Creating new transaction with name [gestion.usuarios.gestiondeusuarios.repositories.userRepositoryTest.testSaveUser]: PROPAGATION_REQUIRED,ISOLATION_DEFAULT
2025-05-05T09:18:17.303-04:00 DEBUG 19312 --- [gestiondeusuarios] [           main] o.s.orm.jpa.JpaTransactionManager        : Opened new EntityManager [SessionImpl(1989004577<open>)] for JPA transaction
2025-05-05T09:18:17.303-04:00 DEBUG 19312 --- [gestiondeusuarios] [           main] o.s.orm.jpa.JpaTransactionManager        : Exposing JPA transaction as JDBC [org.springframework.orm.jpa.vendor.HibernateJpaDialect$HibernateConnectionHandle@1be598c]
2025-05-05T09:18:17.303-04:00 DEBUG 19312 --- [gestiondeusuarios] [           main] o.s.t.c.transaction.TransactionContext   : Began transaction (1) for test class [gestion.usuarios.gestiondeusuarios.repositories.userRepositoryTest]; test method [testSaveUser]; transaction manager [org.springframework.orm.jpa.JpaTransactionManager@20c9b155]; rollback [true]
2025-05-05T09:18:17.303-04:00 DEBUG 19312 --- [gestiondeusuarios] [           main] org.springframework.test.context.cache   : Spring test ApplicationContext cache statistics: [DefaultContextCache@3be80ece size = 3, maxSize = 32, parentContextCount = 0, hitCount = 33, missCount = 3, failureCount = 0]
2025-05-05T09:18:17.303-04:00 DEBUG 19312 --- [gestiondeusuarios] [           main] org.springframework.test.context.cache   : Spring test ApplicationContext cache statistics: [DefaultContextCache@3be80ece size = 3, maxSize = 32, parentContextCount = 0, hitCount = 34, missCount = 3, failureCount = 0]
2025-05-05T09:18:17.303-04:00 DEBUG 19312 --- [gestiondeusuarios] [           main] org.springframework.test.context.cache   : Spring test ApplicationContext cache statistics: [DefaultContextCache@3be80ece size = 3, maxSize = 32, parentContextCount = 0, hitCount = 35, missCount = 3, failureCount = 0]
2025-05-05T09:18:17.305-04:00 DEBUG 19312 --- [gestiondeusuarios] [           main] o.s.orm.jpa.JpaTransactionManager        : Found thread-bound EntityManager [SessionImpl(1989004577<open>)] for JPA transaction
2025-05-05T09:18:17.305-04:00 DEBUG 19312 --- [gestiondeusuarios] [           main] o.s.orm.jpa.JpaTransactionManager        : Participating in existing transaction
Hibernate: select u1_0.id,u1_0.apellido,u1_0.direccion,u1_0.email,u1_0.nombre,u1_0.password,u1_0.rol from usuarios u1_0
2025-05-05T09:18:17.637-04:00 DEBUG 19312 --- [gestiondeusuarios] [           main] org.springframework.test.context.cache   : Spring test ApplicationContext cache statistics: [DefaultContextCache@3be80ece size = 3, maxSize = 32, parentContextCount = 0, hitCount = 36, missCount = 3, failureCount = 0]
2025-05-05T09:18:17.637-04:00 DEBUG 19312 --- [gestiondeusuarios] [           main] o.s.orm.jpa.JpaTransactionManager        : Found thread-bound EntityManager [SessionImpl(1989004577<open>)] for JPA transaction
2025-05-05T09:18:17.637-04:00 DEBUG 19312 --- [gestiondeusuarios] [           main] o.s.orm.jpa.JpaTransactionManager        : Participating in existing transaction
Hibernate: insert into usuarios (apellido,direccion,email,nombre,password,rol,id) values (?,?,?,?,?,?,default)
2025-05-05T09:18:17.978-04:00 DEBUG 19312 --- [gestiondeusuarios] [           main] org.springframework.test.context.cache   : Spring test ApplicationContext cache statistics: [DefaultContextCache@3be80ece size = 3, maxSize = 32, parentContextCount = 0, hitCount = 37, missCount = 3, failureCount = 0]
2025-05-05T09:18:17.978-04:00 DEBUG 19312 --- [gestiondeusuarios] [           main] o.s.orm.jpa.JpaTransactionManager        : Found thread-bound EntityManager [SessionImpl(1989004577<open>)] for JPA transaction
2025-05-05T09:18:17.978-04:00 DEBUG 19312 --- [gestiondeusuarios] [           main] o.s.orm.jpa.JpaTransactionManager        : Participating in existing transaction
Hibernate: delete from usuarios where id=?
Hibernate: delete from usuarios where id=?
Hibernate: delete from usuarios where id=?
Hibernate: delete from usuarios where id=?
Hibernate: delete from usuarios where id=?
Hibernate: delete from usuarios where id=?
Hibernate: delete from usuarios where id=?
Hibernate: delete from usuarios where id=?
Hibernate: delete from usuarios where id=?
Hibernate: delete from usuarios where id=?
Hibernate: delete from usuarios where id=?
Hibernate: delete from usuarios where id=?
Hibernate: delete from usuarios where id=?
Hibernate: delete from usuarios where id=?
Hibernate: select u1_0.id,u1_0.apellido,u1_0.direccion,u1_0.email,u1_0.nombre,u1_0.password,u1_0.rol from usuarios u1_0
2025-05-05T09:18:20.410-04:00 DEBUG 19312 --- [gestiondeusuarios] [           main] org.springframework.test.context.cache   : Spring test ApplicationContext cache statistics: [DefaultContextCache@3be80ece size = 3, maxSize = 32, parentContextCount = 0, hitCount = 38, missCount = 3, failureCount = 0]
2025-05-05T09:18:20.411-04:00 DEBUG 19312 --- [gestiondeusuarios] [           main] org.springframework.test.context.cache   : Spring test ApplicationContext cache statistics: [DefaultContextCache@3be80ece size = 3, maxSize = 32, parentContextCount = 0, hitCount = 39, missCount = 3, failureCount = 0]
2025-05-05T09:18:20.411-04:00 DEBUG 19312 --- [gestiondeusuarios] [           main] org.springframework.test.context.cache   : Spring test ApplicationContext cache statistics: [DefaultContextCache@3be80ece size = 3, maxSize = 32, parentContextCount = 0, hitCount = 40, missCount = 3, failureCount = 0]
2025-05-05T09:18:20.411-04:00 DEBUG 19312 --- [gestiondeusuarios] [           main] org.springframework.test.context.cache   : Spring test ApplicationContext cache statistics: [DefaultContextCache@3be80ece size = 3, maxSize = 32, parentContextCount = 0, hitCount = 41, missCount = 3, failureCount = 0]
2025-05-05T09:18:20.411-04:00 DEBUG 19312 --- [gestiondeusuarios] [           main] org.springframework.test.context.cache   : Spring test ApplicationContext cache statistics: [DefaultContextCache@3be80ece size = 3, maxSize = 32, parentContextCount = 0, hitCount = 42, missCount = 3, failureCount = 0]
2025-05-05T09:18:20.411-04:00 DEBUG 19312 --- [gestiondeusuarios] [           main] org.springframework.test.context.cache   : Spring test ApplicationContext cache statistics: [DefaultContextCache@3be80ece size = 3, maxSize = 32, parentContextCount = 0, hitCount = 43, missCount = 3, failureCount = 0]
2025-05-05T09:18:20.412-04:00 DEBUG 19312 --- [gestiondeusuarios] [           main] o.s.orm.jpa.JpaTransactionManager        : Initiating transaction rollback
2025-05-05T09:18:20.412-04:00 DEBUG 19312 --- [gestiondeusuarios] [           main] o.s.orm.jpa.JpaTransactionManager        : Rolling back JPA transaction on EntityManager [SessionImpl(1989004577<open>)]
2025-05-05T09:18:20.745-04:00 DEBUG 19312 --- [gestiondeusuarios] [           main] o.s.orm.jpa.JpaTransactionManager        : Closing JPA EntityManager [SessionImpl(1989004577<open>)] after transaction
2025-05-05T09:18:20.745-04:00 DEBUG 19312 --- [gestiondeusuarios] [           main] o.s.t.c.transaction.TransactionContext   : Rolled back transaction (1) for test class [gestion.usuarios.gestiondeusuarios.repositories.userRepositoryTest]; test method [testSaveUser]
2025-05-05T09:18:20.746-04:00 DEBUG 19312 --- [gestiondeusuarios] [           main] .c.s.DirtiesContextTestExecutionListener : After test method: class [userRepositoryTest], method [testSaveUser], class annotated with @DirtiesContext [false] with mode [null], method annotated with @DirtiesContext [false] with mode [null]
]]></system-out>
  </testcase>
</testsuite>